[23:55:35] [main/INFO] (FabricLoader/GameProvider) Loading Minecraft 1.20.1 with Fabric Loader 0.15.6
[23:55:36] [main/INFO] (FabricLoader) Loading 47 mods:
	- fabric-api 0.85.0+1.20.1
	- fabric-api-base 0.4.29+b04edc7a77
	- fabric-api-lookup-api-v1 1.6.34+4d8536c977
	- fabric-biome-api-v1 13.0.10+b3afc78b77
	- fabric-block-api-v1 1.0.9+e022e5d177
	- fabric-blockrenderlayer-v1 1.1.39+b3afc78b77
	- fabric-client-tags-api-v1 1.1.0+97bb207577
	- fabric-command-api-v2 2.2.11+b3afc78b77
	- fabric-content-registries-v0 4.0.8+b3afc78b77
	- fabric-convention-tags-v1 1.5.3+b3afc78b77
	- fabric-crash-report-info-v1 0.2.18+aeb40ebe77
	- fabric-data-generation-api-v1 12.1.12+b3afc78b77
	- fabric-dimensions-v1 2.1.51+b3afc78b77
	- fabric-entity-events-v1 1.5.21+b3afc78b77
	- fabric-events-interaction-v0 0.6.0+b3afc78b77
	- fabric-game-rule-api-v1 1.0.38+b04edc7a77
	- fabric-gametest-api-v1 1.2.11+b3afc78b77
	- fabric-item-api-v1 2.1.26+b3afc78b77
	- fabric-item-group-api-v1 4.0.8+40e50c4677
	- fabric-key-binding-api-v1 1.0.36+fb8d95da77
	- fabric-lifecycle-events-v1 2.2.20+b3afc78b77
	- fabric-loot-api-v2 1.1.38+b3afc78b77
	- fabric-message-api-v1 5.1.6+b3afc78b77
	- fabric-mining-level-api-v1 2.1.48+b3afc78b77
	- fabric-models-v0 0.3.35+b3afc78b77
	- fabric-networking-api-v1 1.3.8+b3afc78b77
	- fabric-object-builder-api-v1 11.1.0+6beca84877
	- fabric-particles-v1 1.1.0+201a23a077
	- fabric-recipe-api-v1 1.0.18+b3afc78b77
	- fabric-registry-sync-v0 2.2.6+b3afc78b77
	- fabric-renderer-api-v1 3.1.0+c154966e77
	- fabric-renderer-indigo 1.4.0+c154966e77
	- fabric-rendering-data-attachment-v1 0.3.33+b3afc78b77
	- fabric-rendering-fluids-v1 3.0.26+b3afc78b77
	- fabric-rendering-v1 3.0.6+b3afc78b77
	- fabric-resource-conditions-api-v1 2.3.5+ea08f9d877
	- fabric-resource-loader-v0 0.11.8+e3d6ed2577
	- fabric-screen-api-v1 2.0.6+b3afc78b77
	- fabric-screen-handler-api-v1 1.3.27+b3afc78b77
	- fabric-sound-api-v1 1.0.12+b3afc78b77
	- fabric-transfer-api-v1 3.2.3+43a3fedd77
	- fabric-transitive-access-wideners-v1 4.2.0+b3afc78b77
	- fabricloader 0.15.6
	- java 17
	- minecraft 1.20.1
	- mixinextras 0.3.2
	- uuzfabrictestproj 3.1.1-1.20.X
[23:55:36] [main/INFO] (FabricLoader/Mixin) SpongePowered MIXIN Subsystem Version=0.8.5 Source=file:/C:/Users/Candy/.gradle/caches/modules-2/files-2.1/net.fabricmc/sponge-mixin/0.12.5+mixin.0.8.5/8d31fb97c3e0cd7c8dad3441851c523bcfae6d8e/sponge-mixin-0.12.5+mixin.0.8.5.jar Service=Knot/Fabric Env=CLIENT
[23:55:36] [main/INFO] (FabricLoader/Mixin) Loaded Fabric development mappings for mixin remapper!
[23:55:36] [main/INFO] (FabricLoader/Mixin) Compatibility level set to JAVA_16
[23:55:36] [main/INFO] (FabricLoader/Mixin) Compatibility level set to JAVA_17
[23:55:36] [main/WARN] (FabricLoader/Mixin) Reference map 'uuzfabrictestproj-refmap.json' for uuzfabrictestproj.mixins.json could not be read. If this is a development environment you can ignore this message
[23:55:37] [main/INFO] (FabricLoader/MixinExtras|Service) Initializing MixinExtras via com.llamalad7.mixinextras.service.MixinExtrasServiceImpl(version=0.3.2).
[23:55:39] [main/INFO] (FabricLoader/Mixin) Mixing WorldMixin from uuzfabrictestproj.mixins.json into net.minecraft.server.world.ServerWorld
[23:55:39] [main/INFO] (FabricLoader/Mixin) Mixing LivingEntityMixin from uuzfabrictestproj.mixins.json into net.minecraft.entity.LivingEntity
[23:55:40] [main/INFO] (FabricLoader/Mixin) Mixing PersistentProjectileEntityMixin from uuzfabrictestproj.mixins.json into net.minecraft.entity.projectile.PersistentProjectileEntity
[23:55:40] [main/INFO] (FabricLoader/Mixin) Mixing MobEntityMixin from uuzfabrictestproj.mixins.json into net.minecraft.entity.mob.MobEntity
[23:55:40] [main/INFO] (FabricLoader/Mixin) Renaming synthetic method lambda$onInit$0(Lnet/minecraft/entity/LivingEntity;)Z to mdc2bbdc$uuzfabrictestproj$lambda$onInit$0$0 in uuzfabrictestproj.mixins.json:MobEntityMixin from mod uuzfabrictestproj
[23:55:40] [main/INFO] (FabricLoader/Mixin) Mixing ItemStackMixin from uuzfabrictestproj.mixins.json into net.minecraft.item.ItemStack
[23:55:41] [main/INFO] (FabricLoader/Mixin) Mixing BowItemMixin from uuzfabrictestproj.mixins.json into net.minecraft.item.BowItem
[23:55:41] [main/INFO] (FabricLoader/Mixin) Mixing EnderPearlItemMixin from uuzfabrictestproj.mixins.json into net.minecraft.item.EnderPearlItem
[23:55:42] [main/INFO] (FabricLoader/Mixin) Mixing BatEntityMixin from uuzfabrictestproj.mixins.json into net.minecraft.entity.passive.BatEntity
[23:55:42] [main/INFO] (FabricLoader/Mixin) Mixing BoatEntityMixin from uuzfabrictestproj.mixins.json into net.minecraft.entity.vehicle.BoatEntity
[23:55:42] [main/INFO] (FabricLoader/Mixin) Mixing CreeperEntityMixin from uuzfabrictestproj.mixins.json into net.minecraft.entity.mob.CreeperEntity
[23:55:42] [main/INFO] (FabricLoader/Mixin) Mixing ZombieEntityMixin from uuzfabrictestproj.mixins.json into net.minecraft.entity.mob.ZombieEntity
[23:55:42] [Datafixer Bootstrap/INFO] (Minecraft) 188 Datafixer optimizations took 239 milliseconds
[23:55:43] [main/INFO] (FabricLoader/Mixin) Mixing VillagerEntityMixin from uuzfabrictestproj.mixins.json into net.minecraft.entity.passive.VillagerEntity
[23:55:45] [Render thread/INFO] (FabricLoader/Mixin) Mixing ClientPlayerEntityMixin from uuzfabrictestproj.mixins.json into net.minecraft.client.network.ClientPlayerEntity
[23:55:45] [Render thread/INFO] (Minecraft) Environment: authHost='https://authserver.mojang.com', accountsHost='https://api.mojang.com', sessionHost='https://sessionserver.mojang.com', servicesHost='https://api.minecraftservices.com', name='PROD'
[23:55:46] [Render thread/ERROR] (Minecraft) Failed to verify authentication
com.mojang.authlib.exceptions.InvalidCredentialsException: Status: 401
	at com.mojang.authlib.exceptions.MinecraftClientHttpException.toAuthenticationException(MinecraftClientHttpException.java:56) ~[authlib-4.0.43.jar:?]
	at com.mojang.authlib.yggdrasil.YggdrasilUserApiService.fetchProperties(YggdrasilUserApiService.java:156) ~[authlib-4.0.43.jar:?]
	at com.mojang.authlib.yggdrasil.YggdrasilUserApiService.<init>(YggdrasilUserApiService.java:55) ~[authlib-4.0.43.jar:?]
	at com.mojang.authlib.yggdrasil.YggdrasilAuthenticationService.createUserApiService(YggdrasilAuthenticationService.java:124) ~[authlib-4.0.43.jar:?]
	at net.minecraft.client.MinecraftClient.createUserApiService(MinecraftClient.java:733) ~[minecraft-merged-e2200bfc56-1.20.1-net.fabricmc.yarn.1_20_1.1.20.1+build.1-v2.jar:?]
	at net.minecraft.client.MinecraftClient.<init>(MinecraftClient.java:442) ~[minecraft-merged-e2200bfc56-1.20.1-net.fabricmc.yarn.1_20_1.1.20.1+build.1-v2.jar:?]
	at net.minecraft.client.main.Main.main(Main.java:211) ~[minecraft-merged-e2200bfc56-1.20.1-net.fabricmc.yarn.1_20_1.1.20.1+build.1-v2.jar:?]
	at net.fabricmc.loader.impl.game.minecraft.MinecraftGameProvider.launch(MinecraftGameProvider.java:470) ~[fabric-loader-0.15.6.jar:?]
	at net.fabricmc.loader.impl.launch.knot.Knot.launch(Knot.java:74) ~[fabric-loader-0.15.6.jar:?]
	at net.fabricmc.loader.impl.launch.knot.KnotClient.main(KnotClient.java:23) ~[fabric-loader-0.15.6.jar:?]
	at net.fabricmc.devlaunchinjector.Main.main(Main.java:86) ~[dev-launch-injector-0.2.1+build.8.jar:?]
Caused by: com.mojang.authlib.exceptions.MinecraftClientHttpException: Status: 401
	at com.mojang.authlib.minecraft.client.MinecraftClient.readInputStream(MinecraftClient.java:85) ~[authlib-4.0.43.jar:?]
	at com.mojang.authlib.minecraft.client.MinecraftClient.get(MinecraftClient.java:48) ~[authlib-4.0.43.jar:?]
	at com.mojang.authlib.yggdrasil.YggdrasilUserApiService.fetchProperties(YggdrasilUserApiService.java:129) ~[authlib-4.0.43.jar:?]
	... 9 more
[23:55:46] [Render thread/INFO] (Minecraft) Setting user: Player214
[23:55:46] [Render thread/INFO] (uuzfabrictestproj) 注册方块破坏事件处理器
[23:55:46] [Render thread/INFO] (uuzfabrictestproj) 不消耗耐久度系统已初始化
[23:55:46] [Render thread/INFO] (uuzfabrictestproj) 濒死通知系统已初始化
[23:55:46] [Render thread/INFO] (uuzfabrictestproj) AFK提示系统已初始化
[23:55:46] [Render thread/INFO] (uuzfabrictestproj) 村民礼物系统已初始化
[23:55:46] [Render thread/INFO] (uuzfabrictestproj) 村民食物系统已初始化
[23:55:46] [Render thread/INFO] (uuzfabrictestproj) 空岛区块生成器已注册
[23:55:46] [Render thread/INFO] (uuzfabrictestproj) 空岛世界类型已注册
[23:55:46] [Render thread/INFO] (uuzfabrictestproj) 注册模组物品...
[23:55:46] [Render thread/INFO] (uuzfabrictestproj) 火球术处理器已注册
[23:55:46] [Render thread/INFO] (uuzfabrictestproj) 无限箭矢处理器已注册
[23:55:46] [Render thread/INFO] (uuzfabrictestproj) 村民随机交易系统已初始化
[23:55:46] [Render thread/INFO] (uuzfabrictestproj) UuzFabricTestProj 初始化完成
[23:55:46] [Render thread/INFO] (uuzfabrictestproj) 调试HUD已初始化
[23:55:46] [Render thread/INFO] (uuzfabrictestproj) 方块随机化处理器已注册
[23:55:46] [Render thread/INFO] (Indigo) [Indigo] Registering Indigo renderer!
[23:55:46] [Render thread/INFO] (Minecraft) Backend library: LWJGL version 3.3.1 SNAPSHOT
[23:55:47] [Render thread/INFO] (Minecraft) Reloading ResourceManager: vanilla, fabric (fabric-networking-api-v1, fabric-screen-api-v1, fabric-events-interaction-v0, fabric-message-api-v1, fabric-object-builder-api-v1, fabric-rendering-fluids-v1, fabric-command-api-v2, fabric-api-base, fabric-gametest-api-v1, fabric-resource-loader-v0, fabric-game-rule-api-v1, fabric-renderer-api-v1, fabric-mining-level-api-v1, fabric-convention-tags-v1, fabric-models-v0, fabric-recipe-api-v1, fabric-blockrenderlayer-v1, fabric-particles-v1, fabric-api-lookup-api-v1, fabric-transitive-access-wideners-v1, fabric-dimensions-v1, uuzfabrictestproj, fabric-api, fabric-resource-conditions-api-v1, fabric-biome-api-v1, fabric-lifecycle-events-v1, fabric-renderer-indigo, fabric-client-tags-api-v1, fabric-data-generation-api-v1, fabric-loot-api-v2, fabric-content-registries-v0, fabricloader, fabric-screen-handler-api-v1, fabric-sound-api-v1, fabric-key-binding-api-v1, fabric-item-api-v1, fabric-registry-sync-v0, fabric-crash-report-info-v1, fabric-rendering-v1, fabric-item-group-api-v1, fabric-entity-events-v1, fabric-transfer-api-v1, fabric-block-api-v1, fabric-rendering-data-attachment-v1)
[23:55:48] [Worker-Main-1/INFO] (Minecraft) Found unifont_all_no_pua-15.0.06.hex, loading
[23:55:49] [Realms Notification Availability checker #1/INFO] (Minecraft) Could not authorize you against Realms server: Invalid session id
[23:55:50] [Render thread/WARN] (Minecraft) Missing sound for event: minecraft:item.goat_horn.play
[23:55:50] [Render thread/WARN] (Minecraft) Missing sound for event: minecraft:entity.goat.screaming.horn_break
[23:55:50] [Render thread/ERROR] (Minecraft) Error starting SoundSystem. Turning off sounds & music
java.lang.IllegalStateException: Failed to open OpenAL device
	at net.minecraft.client.sound.SoundEngine.openDeviceOrFallback(SoundEngine.java:283) ~[minecraft-merged-e2200bfc56-1.20.1-net.fabricmc.yarn.1_20_1.1.20.1+build.1-v2.jar:?]
	at net.minecraft.client.sound.SoundEngine.init(SoundEngine.java:153) ~[minecraft-merged-e2200bfc56-1.20.1-net.fabricmc.yarn.1_20_1.1.20.1+build.1-v2.jar:?]
	at net.minecraft.client.sound.SoundSystem.start(SoundSystem.java:116) ~[minecraft-merged-e2200bfc56-1.20.1-net.fabricmc.yarn.1_20_1.1.20.1+build.1-v2.jar:?]
	at net.minecraft.client.sound.SoundSystem.reloadSounds(SoundSystem.java:106) ~[minecraft-merged-e2200bfc56-1.20.1-net.fabricmc.yarn.1_20_1.1.20.1+build.1-v2.jar:?]
	at net.minecraft.client.sound.SoundManager.apply(SoundManager.java:125) ~[minecraft-merged-e2200bfc56-1.20.1-net.fabricmc.yarn.1_20_1.1.20.1+build.1-v2.jar:?]
	at net.minecraft.client.sound.SoundManager.apply(SoundManager.java:40) ~[minecraft-merged-e2200bfc56-1.20.1-net.fabricmc.yarn.1_20_1.1.20.1+build.1-v2.jar:?]
	at net.minecraft.resource.SinglePreparationResourceReloader.method_18790(SinglePreparationResourceReloader.java:13) ~[minecraft-merged-e2200bfc56-1.20.1-net.fabricmc.yarn.1_20_1.1.20.1+build.1-v2.jar:?]
	at java.util.concurrent.CompletableFuture$UniAccept.tryFire(CompletableFuture.java:718) ~[?:?]
	at java.util.concurrent.CompletableFuture$Completion.run(CompletableFuture.java:482) ~[?:?]
	at net.minecraft.resource.SimpleResourceReload.method_18365(SimpleResourceReload.java:69) ~[minecraft-merged-e2200bfc56-1.20.1-net.fabricmc.yarn.1_20_1.1.20.1+build.1-v2.jar:?]
	at net.minecraft.util.thread.ThreadExecutor.executeTask(ThreadExecutor.java:156) ~[minecraft-merged-e2200bfc56-1.20.1-net.fabricmc.yarn.1_20_1.1.20.1+build.1-v2.jar:?]
	at net.minecraft.util.thread.ReentrantThreadExecutor.executeTask(ReentrantThreadExecutor.java:23) ~[minecraft-merged-e2200bfc56-1.20.1-net.fabricmc.yarn.1_20_1.1.20.1+build.1-v2.jar:?]
	at net.minecraft.util.thread.ThreadExecutor.runTask(ThreadExecutor.java:130) ~[minecraft-merged-e2200bfc56-1.20.1-net.fabricmc.yarn.1_20_1.1.20.1+build.1-v2.jar:?]
	at net.minecraft.util.thread.ThreadExecutor.runTasks(ThreadExecutor.java:115) ~[minecraft-merged-e2200bfc56-1.20.1-net.fabricmc.yarn.1_20_1.1.20.1+build.1-v2.jar:?]
	at net.minecraft.client.MinecraftClient.render(MinecraftClient.java:1175) ~[minecraft-merged-e2200bfc56-1.20.1-net.fabricmc.yarn.1_20_1.1.20.1+build.1-v2.jar:?]
	at net.minecraft.client.MinecraftClient.run(MinecraftClient.java:802) ~[minecraft-merged-e2200bfc56-1.20.1-net.fabricmc.yarn.1_20_1.1.20.1+build.1-v2.jar:?]
	at net.minecraft.client.main.Main.main(Main.java:250) ~[minecraft-merged-e2200bfc56-1.20.1-net.fabricmc.yarn.1_20_1.1.20.1+build.1-v2.jar:?]
	at net.fabricmc.loader.impl.game.minecraft.MinecraftGameProvider.launch(MinecraftGameProvider.java:470) ~[fabric-loader-0.15.6.jar:?]
	at net.fabricmc.loader.impl.launch.knot.Knot.launch(Knot.java:74) ~[fabric-loader-0.15.6.jar:?]
	at net.fabricmc.loader.impl.launch.knot.KnotClient.main(KnotClient.java:23) ~[fabric-loader-0.15.6.jar:?]
	at net.fabricmc.devlaunchinjector.Main.main(Main.java:86) ~[dev-launch-injector-0.2.1+build.8.jar:?]
[23:55:50] [Render thread/INFO] (Minecraft) Created: 1024x512x4 minecraft:textures/atlas/blocks.png-atlas
[23:55:50] [Render thread/INFO] (Minecraft) Created: 256x256x4 minecraft:textures/atlas/signs.png-atlas
[23:55:50] [Render thread/INFO] (Minecraft) Created: 512x512x4 minecraft:textures/atlas/shield_patterns.png-atlas
[23:55:50] [Render thread/INFO] (Minecraft) Created: 512x512x4 minecraft:textures/atlas/banner_patterns.png-atlas
[23:55:50] [Render thread/INFO] (Minecraft) Created: 1024x1024x4 minecraft:textures/atlas/armor_trims.png-atlas
[23:55:50] [Render thread/INFO] (Minecraft) Created: 128x64x4 minecraft:textures/atlas/decorated_pot.png-atlas
[23:55:50] [Render thread/INFO] (Minecraft) Created: 256x256x4 minecraft:textures/atlas/chest.png-atlas
[23:55:50] [Render thread/INFO] (Minecraft) Created: 512x256x4 minecraft:textures/atlas/shulker_boxes.png-atlas
[23:55:50] [Render thread/INFO] (Minecraft) Created: 512x256x4 minecraft:textures/atlas/beds.png-atlas
[23:55:50] [Render thread/WARN] (Minecraft) Shader rendertype_entity_translucent_emissive could not find sampler named Sampler2 in the specified shader program.
[23:55:50] [Render thread/INFO] (Minecraft) Created: 256x256x0 minecraft:textures/atlas/particles.png-atlas
[23:55:50] [Render thread/INFO] (Minecraft) Created: 256x256x0 minecraft:textures/atlas/paintings.png-atlas
[23:55:50] [Render thread/INFO] (Minecraft) Created: 128x128x0 minecraft:textures/atlas/mob_effects.png-atlas
[23:56:09] [Render thread/INFO] (uuzfabrictestproj) 空岛世界命令已注册
[23:56:09] [Render thread/INFO] (Minecraft) Loaded 7 recipes
[23:56:09] [Render thread/INFO] (Minecraft) Loaded 1271 advancements
[23:56:10] [Render thread/INFO] (BiomeModificationImpl) Applied 0 biome modifications to 0 of 64 new biomes in 2.303 ms
[23:56:10] [Server thread/INFO] (Minecraft) Starting integrated minecraft server version 1.20.1
[23:56:10] [Server thread/INFO] (Minecraft) Generating keypair
[23:56:10] [Server thread/INFO] (Minecraft) Preparing start region for dimension minecraft:overworld
[23:56:12] [Render thread/INFO] (Minecraft) 准备生成区域中：0%
[23:56:12] [Render thread/INFO] (Minecraft) 准备生成区域中：0%
[23:56:12] [Render thread/INFO] (Minecraft) 准备生成区域中：0%
[23:56:12] [Render thread/INFO] (Minecraft) 准备生成区域中：0%
[23:56:12] [Render thread/INFO] (Minecraft) 准备生成区域中：0%
[23:56:13] [Render thread/INFO] (Minecraft) 准备生成区域中：0%
[23:56:13] [Render thread/INFO] (Minecraft) Time elapsed: 3340 ms
[23:56:14] [Server thread/INFO] (Minecraft) Changing view distance to 8, from 10
[23:56:14] [Server thread/INFO] (Minecraft) Changing simulation distance to 8, from 0
[23:56:15] [Server thread/INFO] (Minecraft) Player214[local:E:2834e3d7] logged in with entity id 26 at (-127.95284712290541, -59.86472611831247, 469.9848885896759)
[23:56:15] [Server thread/INFO] (Minecraft) Player214加入了游戏
[23:56:15] [Server thread/INFO] (Minecraft) Player214取得了进度[与火共舞]
[23:56:16] [Render thread/INFO] (Minecraft) [System] [CHAT] Player214取得了进度[与火共舞]
[23:56:16] [Render thread/INFO] (Minecraft) Loaded 10 advancements
[23:56:24] [Server thread/INFO] (Minecraft) [Player214: 召唤了新的蜘蛛]
[23:56:24] [Render thread/INFO] (Minecraft) [System] [CHAT] 召唤了新的蜘蛛
[23:56:41] [Server thread/INFO] (Minecraft) Player214取得了进度[怪物猎人]
[23:56:41] [Render thread/INFO] (Minecraft) [System] [CHAT] Player214取得了进度[怪物猎人]
[23:56:41] [Render thread/INFO] (Minecraft) Loaded 41 advancements
[23:56:47] [Server thread/INFO] (Minecraft) [Player214: 难度已被设置为和平]
[23:56:47] [Render thread/INFO] (Minecraft) [System] [CHAT] 难度已被设置为和平
[23:56:58] [Server thread/INFO] (Minecraft) Saving and pausing game...
[23:56:58] [Server thread/INFO] (Minecraft) Saving chunks for level 'ServerLevel[新的世界]'/minecraft:overworld
[23:56:58] [Server thread/INFO] (Minecraft) Saving chunks for level 'ServerLevel[新的世界]'/minecraft:the_end
[23:56:58] [Server thread/INFO] (Minecraft) Saving chunks for level 'ServerLevel[新的世界]'/minecraft:the_nether
[23:57:01] [Server thread/INFO] (Minecraft) Player214 lost connection: 连接中断
[23:57:01] [Server thread/INFO] (Minecraft) Player214退出了游戏
[23:57:01] [Server thread/INFO] (Minecraft) Stopping singleplayer server as player logged out
[23:57:01] [Server thread/INFO] (Minecraft) Stopping server
[23:57:01] [Server thread/INFO] (Minecraft) Saving players
[23:57:01] [Server thread/INFO] (Minecraft) Saving worlds
[23:57:02] [Server thread/INFO] (Minecraft) Saving chunks for level 'ServerLevel[新的世界]'/minecraft:overworld
[23:57:02] [Server thread/INFO] (Minecraft) Saving chunks for level 'ServerLevel[新的世界]'/minecraft:the_end
[23:57:02] [Server thread/INFO] (Minecraft) Saving chunks for level 'ServerLevel[新的世界]'/minecraft:the_nether
[23:57:02] [Server thread/INFO] (Minecraft) ThreadedAnvilChunkStorage (新的世界): All chunks are saved
[23:57:02] [Server thread/INFO] (Minecraft) ThreadedAnvilChunkStorage (DIM1): All chunks are saved
[23:57:02] [Server thread/INFO] (Minecraft) ThreadedAnvilChunkStorage (DIM-1): All chunks are saved
[23:57:02] [Server thread/INFO] (Minecraft) ThreadedAnvilChunkStorage: All dimensions are saved
[23:57:03] [Render thread/INFO] (Minecraft) Stopping!
